# JRE version: OpenJDK Runtime Environment (18.0.2.1+1) (build 18.0.2.1+1-1)
# Java VM: OpenJDK 64-Bit Server VM (18.0.2.1+1-1, mixed mode, emulated-client, sharing, tiered, compressed oops, compressed class ptrs, g1 gc, windows-amd64)
GC Precious Log:
 CardTable entry size: 512
 Card Set container configuration: InlinePtr #cards 4 size 8 Array Of Cards #cards 32 size 80 Howl #buckets 8 coarsen threshold 7372 Howl Bitmap #cards 1024 size 144 coarsen threshold 921 Card regions per heap region 1 cards per card region 8192
 CPUs: 20 total, 20 available
 Memory: 32659M
 Large Page Support: Disabled
 NUMA Support: Disabled
 Compressed Oops: Enabled (Zero based)
 Heap Region Size: 4M
 Heap Min Capacity: 8M
 Heap Initial Capacity: 512M
 Heap Max Capacity: 8168M
 Pre-touch: Disabled
 Parallel Workers: 15
 Concurrent Workers: 4
 Concurrent Refinement Workers: 15
 Periodic GC: Disabled
Heap:
 garbage-first heap   total 311296K, used 65675K [0x0000000601800000, 0x0000000800000000)
  region size 4096K, 9 young (36864K), 3 survivors (12288K)
 Metaspace       used 60002K, committed 60608K, reserved 1114112K
  class space    used 8234K, committed 8512K, reserved 1048576K
GC Heap History (20 events):
Event: 1.207 GC heap after
{Heap after GC invocations=7 (full 0):
 garbage-first heap   total 81920K, used 19346K [0x0000000601800000, 0x0000000800000000)
  region size 4096K, 1 young (4096K), 1 survivors (4096K)
 Metaspace       used 30391K, committed 30848K, reserved 1114112K
  class space    used 3995K, committed 4224K, reserved 1048576K
}
Event: 1.340 GC heap before
{Heap before GC invocations=7 (full 0):
 garbage-first heap   total 81920K, used 31634K [0x0000000601800000, 0x0000000800000000)
  region size 4096K, 5 young (20480K), 1 survivors (4096K)
 Metaspace       used 35746K, committed 36096K, reserved 1114112K
  class space    used 4629K, committed 4800K, reserved 1048576K
}
Event: 1.342 GC heap after
{Heap after GC invocations=8 (full 0):
 garbage-first heap   total 303104K, used 19492K [0x0000000601800000, 0x0000000800000000)
  region size 4096K, 1 young (4096K), 1 survivors (4096K)
 Metaspace       used 35746K, committed 36096K, reserved 1114112K
  class space    used 4629K, committed 4800K, reserved 1048576K
}
Event: 1.744 GC heap before
{Heap before GC invocations=9 (full 0):
 garbage-first heap   total 98304K, used 72740K [0x0000000601800000, 0x0000000800000000)
  region size 4096K, 14 young (57344K), 1 survivors (4096K)
 Metaspace       used 46548K, committed 46976K, reserved 1114112K
  class space    used 6122K, committed 6336K, reserved 1048576K
}
Event: 1.746 GC heap after
{Heap after GC invocations=10 (full 0):
 garbage-first heap   total 98304K, used 21706K [0x0000000601800000, 0x0000000800000000)
  region size 4096K, 1 young (4096K), 1 survivors (4096K)
 Metaspace       used 46548K, committed 46976K, reserved 1114112K
  class space    used 6122K, committed 6336K, reserved 1048576K
}
Event: 1.779 GC heap before
{Heap before GC invocations=10 (full 0):
 garbage-first heap   total 98304K, used 25802K [0x0000000601800000, 0x0000000800000000)
  region size 4096K, 2 young (8192K), 1 survivors (4096K)
 Metaspace       used 47492K, committed 47936K, reserved 1114112K
  class space    used 6330K, committed 6528K, reserved 1048576K
}
Event: 1.782 GC heap after
{Heap after GC invocations=11 (full 0):
 garbage-first heap   total 98304K, used 22141K [0x0000000601800000, 0x0000000800000000)
  region size 4096K, 1 young (4096K), 1 survivors (4096K)
 Metaspace       used 47492K, committed 47936K, reserved 1114112K
  class space    used 6330K, committed 6528K, reserved 1048576K
}
Event: 2.118 GC heap before
{Heap before GC invocations=11 (full 0):
 garbage-first heap   total 98304K, used 63101K [0x0000000601800000, 0x0000000800000000)
  region size 4096K, 12 young (49152K), 1 survivors (4096K)
 Metaspace       used 53904K, committed 54400K, reserved 1114112K
  class space    used 7268K, committed 7488K, reserved 1048576K
}
Event: 2.120 GC heap after
{Heap after GC invocations=12 (full 0):
 garbage-first heap   total 98304K, used 25734K [0x0000000601800000, 0x0000000800000000)
  region size 4096K, 2 young (8192K), 2 survivors (8192K)
 Metaspace       used 53904K, committed 54400K, reserved 1114112K
  class space    used 7268K, committed 7488K, reserved 1048576K
}
Event: 28.249 GC heap before
{Heap before GC invocations=12 (full 0):
 garbage-first heap   total 98304K, used 66694K [0x0000000601800000, 0x0000000800000000)
  region size 4096K, 12 young (49152K), 2 survivors (8192K)
 Metaspace       used 58176K, committed 58688K, reserved 1114112K
  class space    used 7841K, committed 8064K, reserved 1048576K
}
Event: 28.253 GC heap after
{Heap after GC invocations=13 (full 0):
 garbage-first heap   total 98304K, used 32368K [0x0000000601800000, 0x0000000800000000)
  region size 4096K, 2 young (8192K), 2 survivors (8192K)
 Metaspace       used 58176K, committed 58688K, reserved 1114112K
  class space    used 7841K, committed 8064K, reserved 1048576K
}
Event: 28.342 GC heap before
{Heap before GC invocations=13 (full 0):
 garbage-first heap   total 98304K, used 69232K [0x0000000601800000, 0x0000000800000000)
  region size 4096K, 11 young (45056K), 2 survivors (8192K)
 Metaspace       used 58179K, committed 58688K, reserved 1114112K
  class space    used 7841K, committed 8064K, reserved 1048576K
}
Event: 28.344 GC heap after
{Heap after GC invocations=14 (full 0):
 garbage-first heap   total 98304K, used 33859K [0x0000000601800000, 0x0000000800000000)
  region size 4096K, 1 young (4096K), 1 survivors (4096K)
 Metaspace       used 58179K, committed 58688K, reserved 1114112K
  class space    used 7841K, committed 8064K, reserved 1048576K
}
Event: 28.415 GC heap before
{Heap before GC invocations=14 (full 0):
 garbage-first heap   total 98304K, used 70723K [0x0000000601800000, 0x0000000800000000)
  region size 4096K, 10 young (40960K), 1 survivors (4096K)
 Metaspace       used 58180K, committed 58688K, reserved 1114112K
  class space    used 7841K, committed 8064K, reserved 1048576K
}
Event: 28.416 GC heap after
{Heap after GC invocations=15 (full 0):
 garbage-first heap   total 98304K, used 35661K [0x0000000601800000, 0x0000000800000000)
  region size 4096K, 1 young (4096K), 1 survivors (4096K)
 Metaspace       used 58180K, committed 58688K, reserved 1114112K
  class space    used 7841K, committed 8064K, reserved 1048576K
}
Event: 28.489 GC heap before
{Heap before GC invocations=15 (full 0):
 garbage-first heap   total 98304K, used 72525K [0x0000000601800000, 0x0000000800000000)
  region size 4096K, 10 young (40960K), 1 survivors (4096K)
 Metaspace       used 58228K, committed 58816K, reserved 1114112K
  class space    used 7845K, committed 8128K, reserved 1048576K
}
Event: 28.490 GC heap after
{Heap after GC invocations=16 (full 0):
 garbage-first heap   total 311296K, used 36081K [0x0000000601800000, 0x0000000800000000)
  region size 4096K, 1 young (4096K), 1 survivors (4096K)
 Metaspace       used 58228K, committed 58816K, reserved 1114112K
  class space    used 7845K, committed 8128K, reserved 1048576K
}
Event: 28.859 GC heap before
{Heap before GC invocations=16 (full 0):
 garbage-first heap   total 311296K, used 216305K [0x0000000601800000, 0x0000000800000000)
  region size 4096K, 45 young (184320K), 1 survivors (4096K)
 Metaspace       used 59551K, committed 60224K, reserved 1114112K
  class space    used 8064K, committed 8384K, reserved 1048576K
}
Event: 28.862 GC heap after
{Heap after GC invocations=17 (full 0):
 garbage-first heap   total 311296K, used 42167K [0x0000000601800000, 0x0000000800000000)
  region size 4096K, 3 young (12288K), 3 survivors (12288K)
 Metaspace       used 59551K, committed 60224K, reserved 1114112K
  class space    used 8064K, committed 8384K, reserved 1048576K
}
Event: 28.887 GC heap before
{Heap before GC invocations=17 (full 0):
 garbage-first heap   total 311296K, used 62647K [0x0000000601800000, 0x0000000800000000)
  region size 4096K, 9 young (36864K), 3 survivors (12288K)
 Metaspace       used 60002K, committed 60608K, reserved 1114112K
  class space    used 8234K, committed 8512K, reserved 1048576K
}

